Final State: 1
0: 0 2
1: 3 3
2: 3 4
3: 3 3
4: 1 3
Unique String: 00000000110

Final State: 1
0: 0 2
1: 3 3
2: 3 4
3: 3 3
4: 3 1
Unique String: 00000000111

Final State: 1
0: 0 2
1: 3 3
2: 4 3
3: 3 3
4: 1 3
Unique String: 00000000100

Final State: 1
0: 0 2
1: 3 3
2: 4 3
3: 3 3
4: 3 1
Unique String: 00000000101

Final State: 1
0: 1 2
1: 3 3
2: 1 4
3: 3 3
4: 0 1
Unique String: 11011011010

Final State: 1
0: 1 2
1: 3 3
2: 1 4
3: 3 3
4: 2 1
Unique String: 11010101011

Final State: 1
0: 1 2
1: 3 3
2: 1 4
3: 3 3
4: 4 1
Unique String: 11000000001

Final State: 1
0: 1 2
1: 3 3
2: 2 4
3: 3 3
4: 1 3
Unique String: 10000000010

Final State: 1
0: 1 2
1: 3 3
2: 2 4
3: 3 3
4: 3 1
Unique String: 10000000011

Final State: 1
0: 1 2
1: 3 3
2: 4 1
3: 3 3
4: 0 1
Unique String: 10010010011

Final State: 1
0: 1 2
1: 3 3
2: 4 1
3: 3 3
4: 1 0
Unique String: 10110110111

Final State: 1
0: 1 2
1: 3 3
2: 4 1
3: 3 3
4: 1 4
Unique String: 10111111110

Final State: 1
0: 1 2
1: 3 4
2: 1 3
3: 3 3
4: 2 3
Unique String: 10100100100

Final State: 1
0: 1 2
1: 3 4
2: 3 1
3: 3 3
4: 2 3
Unique String: 11101101101

Final State: 1
0: 1 2
1: 3 4
2: 4 1
3: 2 4
4: 4 4
Unique String: 11001001001

Final State: 1
0: 2 0
1: 3 3
2: 3 4
3: 3 3
4: 1 3
Unique String: 11111111010

Final State: 1
0: 2 0
1: 3 3
2: 3 4
3: 3 3
4: 3 1
Unique String: 11111111011

Final State: 1
0: 2 0
1: 3 3
2: 4 3
3: 3 3
4: 1 3
Unique String: 11111111000

Final State: 1
0: 2 0
1: 3 3
2: 4 3
3: 3 3
4: 3 1
Unique String: 11111111001

Final State: 1
0: 2 1
1: 3 3
2: 1 4
3: 3 3
4: 0 1
Unique String: 01001001000

Final State: 1
0: 2 1
1: 3 3
2: 1 4
3: 3 3
4: 1 0
Unique String: 01101101100

Final State: 1
0: 2 1
1: 3 3
2: 1 4
3: 3 3
4: 4 1
Unique String: 01000000001

Final State: 1
0: 2 1
1: 3 3
2: 4 1
3: 3 3
4: 1 0
Unique String: 00100100101

Final State: 1
0: 2 1
1: 3 3
2: 4 1
3: 3 3
4: 1 2
Unique String: 00101010100

Final State: 1
0: 2 1
1: 3 3
2: 4 1
3: 3 3
4: 1 4
Unique String: 00111111110

Final State: 1
0: 2 1
1: 3 3
2: 4 2
3: 3 3
4: 1 3
Unique String: 01111111100

Final State: 1
0: 2 1
1: 3 3
2: 4 2
3: 3 3
4: 3 1
Unique String: 01111111101

Final State: 1
0: 2 1
1: 3 4
2: 1 3
3: 3 3
4: 3 2
Unique String: 00110110110

Final State: 1
0: 2 1
1: 3 4
2: 1 4
3: 4 2
4: 4 4
Unique String: 00010010010

Final State: 1
0: 2 1
1: 3 4
2: 4 1
3: 4 2
4: 4 4
Unique String: 01011011011

Final State: 1
0: 2 3
1: 0 2
2: 2 2
3: 2 4
4: 0 1
Unique String: 11101110111

Final State: 1
0: 2 3
1: 0 2
2: 2 2
3: 2 4
4: 1 0
Unique String: 11001100110

Final State: 1
0: 2 3
1: 0 2
2: 2 2
3: 4 2
4: 1 0
Unique String: 10001000100

Final State: 1
0: 2 3
1: 0 2
2: 3 4
3: 3 3
4: 0 1
Unique String: 01100110011

Final State: 1
0: 2 3
1: 0 2
2: 3 4
3: 3 3
4: 1 0
Unique String: 01000100010

Final State: 1
0: 2 3
1: 0 2
2: 4 3
3: 3 3
4: 0 1
Unique String: 00100010001

Final State: 1
0: 2 3
1: 1 2
2: 2 2
3: 2 4
4: 2 1
Unique String: 11100000000

Final State: 1
0: 2 3
1: 1 2
2: 2 2
3: 4 2
4: 2 1
Unique String: 10100000000

Final State: 1
0: 2 3
1: 1 3
2: 3 4
3: 3 3
4: 3 1
Unique String: 01100000000

Final State: 1
0: 2 3
1: 1 3
2: 4 3
3: 3 3
4: 3 1
Unique String: 00100000000

Final State: 1
0: 2 3
1: 2 0
2: 2 2
3: 2 4
4: 1 0
Unique String: 11011101110

Final State: 1
0: 2 3
1: 2 0
2: 2 2
3: 4 2
4: 0 1
Unique String: 10111011101

Final State: 1
0: 2 3
1: 2 0
2: 2 2
3: 4 2
4: 1 0
Unique String: 10011001100

Final State: 1
0: 2 3
1: 2 0
2: 3 4
3: 3 3
4: 0 1
Unique String: 01110111011

Final State: 1
0: 2 3
1: 2 0
2: 4 3
3: 3 3
4: 0 1
Unique String: 00110011001

Final State: 1
0: 2 3
1: 2 0
2: 4 3
3: 3 3
4: 1 0
Unique String: 00010001000

Final State: 1
0: 2 3
1: 2 1
2: 2 2
3: 2 4
4: 1 2
Unique String: 11011111111

Final State: 1
0: 2 3
1: 2 1
2: 2 2
3: 4 2
4: 1 2
Unique String: 10011111111

Final State: 1
0: 2 3
1: 2 2
2: 2 2
3: 0 4
4: 1 2
Unique String: 10101010110

Final State: 1
0: 2 3
1: 2 2
2: 2 2
3: 0 4
4: 2 1
Unique String: 10101010111

Final State: 1
0: 2 3
1: 2 4
2: 2 2
3: 4 1
4: 1 2
Unique String: 10010101010

Final State: 1
0: 2 3
1: 2 4
2: 4 1
3: 1 2
4: 4 4
Unique String: 11101010101

Final State: 1
0: 2 3
1: 3 1
2: 3 4
3: 3 3
4: 1 3
Unique String: 01011111111

Final State: 1
0: 2 3
1: 3 1
2: 4 3
3: 3 3
4: 1 3
Unique String: 00011111111

Final State: 1
0: 2 3
1: 3 3
2: 4 0
3: 3 3
4: 1 3
Unique String: 01010101000

Final State: 1
0: 2 3
1: 3 3
2: 4 0
3: 3 3
4: 3 1
Unique String: 01010101001

Final State: 1
0: 2 3
1: 3 4
2: 1 3
3: 4 1
4: 4 4
Unique String: 01101010101

Final State: 1
0: 2 3
1: 3 4
2: 4 1
3: 3 3
4: 1 3
Unique String: 00010101010

