Final State: 0
0: 1 2
1: 1 1
2: 1 3
3: 1 4
4: 2 0
Unique String: 1110110111

Final State: 0
0: 1 2
1: 1 1
2: 1 3
3: 4 1
4: 0 2
Unique String: 1101101100

Final State: 0
0: 1 2
1: 1 1
2: 1 3
3: 4 1
4: 2 0
Unique String: 1100100101

Final State: 0
0: 1 2
1: 1 1
2: 3 1
3: 1 4
4: 0 2
Unique String: 1011011010

Final State: 0
0: 1 2
1: 1 1
2: 3 1
3: 1 4
4: 2 0
Unique String: 1010010011

Final State: 0
0: 1 2
1: 1 1
2: 3 1
3: 4 1
4: 0 2
Unique String: 1001001000

Final State: 0
0: 1 2
1: 2 3
2: 2 2
3: 2 4
4: 1 0
Unique String: 0110110111

Final State: 0
0: 1 2
1: 2 3
2: 2 2
3: 4 2
4: 0 1
Unique String: 0101101100

Final State: 0
0: 1 2
1: 2 3
2: 2 2
3: 4 2
4: 1 0
Unique String: 0100100101

Final State: 0
0: 1 2
1: 3 2
2: 2 2
3: 2 4
4: 0 1
Unique String: 0011011010

Final State: 0
0: 1 2
1: 3 2
2: 2 2
3: 2 4
4: 1 0
Unique String: 0010010011

Final State: 0
0: 1 2
1: 3 2
2: 2 2
3: 4 2
4: 0 1
Unique String: 0001001000

Final State: 1
0: 0 2
1: 3 3
2: 3 4
3: 3 3
4: 1 3
Unique String: 0000000110

Final State: 1
0: 0 2
1: 3 3
2: 3 4
3: 3 3
4: 3 1
Unique String: 0000000111

Final State: 1
0: 0 2
1: 3 3
2: 4 3
3: 3 3
4: 1 3
Unique String: 0000000100

Final State: 1
0: 0 2
1: 3 3
2: 4 3
3: 3 3
4: 3 1
Unique String: 0000000101

Final State: 1
0: 1 2
1: 2 3
2: 2 2
3: 4 2
4: 0 1
Unique String: 0101101101

Final State: 1
0: 1 2
1: 2 3
2: 3 4
3: 3 3
4: 3 1
Unique String: 0011011011

Final State: 1
0: 1 2
1: 2 3
2: 4 3
3: 3 3
4: 3 1
Unique String: 0001001001

Final State: 1
0: 1 2
1: 3 3
2: 1 4
3: 3 3
4: 2 1
Unique String: 1101010100

Final State: 1
0: 1 2
1: 3 3
2: 1 4
3: 3 3
4: 4 1
Unique String: 1100000001

Final State: 1
0: 1 2
1: 3 3
2: 2 4
3: 3 3
4: 1 3
Unique String: 1000000010

Final State: 1
0: 1 2
1: 3 3
2: 2 4
3: 3 3
4: 3 1
Unique String: 1000000011

Final State: 1
0: 1 2
1: 3 3
2: 4 1
3: 3 3
4: 1 4
Unique String: 1011111110

Final State: 1
0: 1 2
1: 3 4
2: 1 3
3: 4 1
4: 4 4
Unique String: 1001010101

Final State: 1
0: 1 2
1: 3 4
2: 3 1
3: 3 3
4: 1 3
Unique String: 1110101010

Final State: 1
0: 2 0
1: 3 3
2: 3 4
3: 3 3
4: 1 3
Unique String: 1111111010

Final State: 1
0: 2 0
1: 3 3
2: 3 4
3: 3 3
4: 3 1
Unique String: 1111111011

Final State: 1
0: 2 0
1: 3 3
2: 4 3
3: 3 3
4: 1 3
Unique String: 1111111000

Final State: 1
0: 2 0
1: 3 3
2: 4 3
3: 3 3
4: 3 1
Unique String: 1111111001

Final State: 1
0: 2 1
1: 2 3
2: 2 2
3: 2 4
4: 1 0
Unique String: 1110110110

Final State: 1
0: 2 1
1: 2 3
2: 2 2
3: 4 2
4: 1 0
Unique String: 1100100100

Final State: 1
0: 2 1
1: 2 3
2: 3 4
3: 3 3
4: 1 3
Unique String: 1010010010

Final State: 1
0: 2 1
1: 3 3
2: 1 4
3: 3 3
4: 4 1
Unique String: 0100000001

Final State: 1
0: 2 1
1: 3 3
2: 4 1
3: 3 3
4: 1 2
Unique String: 0010101011

Final State: 1
0: 2 1
1: 3 3
2: 4 1
3: 3 3
4: 1 4
Unique String: 0011111110

Final State: 1
0: 2 1
1: 3 3
2: 4 2
3: 3 3
4: 1 3
Unique String: 0111111100

Final State: 1
0: 2 1
1: 3 3
2: 4 2
3: 3 3
4: 3 1
Unique String: 0111111101

Final State: 1
0: 2 1
1: 3 4
2: 1 3
3: 4 1
4: 4 4
Unique String: 0001010101

Final State: 1
0: 2 1
1: 3 4
2: 3 1
3: 3 3
4: 1 3
Unique String: 0110101010

Final State: 1
0: 2 3
1: 0 4
2: 1 3
3: 3 3
4: 0 2
Unique String: 0010001000

Final State: 1
0: 2 3
1: 0 4
2: 1 3
3: 3 3
4: 2 0
Unique String: 0011001100

Final State: 1
0: 2 3
1: 0 4
2: 2 2
3: 1 2
4: 2 0
Unique String: 1011101110

Final State: 1
0: 2 3
1: 0 4
2: 2 2
3: 2 1
4: 0 2
Unique String: 1110111011

Final State: 1
0: 2 3
1: 0 4
2: 3 1
3: 3 3
4: 0 2
Unique String: 0110011001

Final State: 1
0: 2 3
1: 0 4
2: 3 1
3: 3 3
4: 2 0
Unique String: 0111011101

Final State: 1
0: 2 3
1: 1 2
2: 2 2
3: 2 4
4: 2 1
Unique String: 1110000000

Final State: 1
0: 2 3
1: 1 2
2: 2 2
3: 4 2
4: 2 1
Unique String: 1010000000

Final State: 1
0: 2 3
1: 1 3
2: 3 4
3: 3 3
4: 3 1
Unique String: 0110000000

Final State: 1
0: 2 3
1: 1 3
2: 4 3
3: 3 3
4: 3 1
Unique String: 0010000000

Final State: 1
0: 2 3
1: 2 1
2: 2 2
3: 2 4
4: 1 2
Unique String: 1101111111

Final State: 1
0: 2 3
1: 2 1
2: 2 2
3: 4 2
4: 1 2
Unique String: 1001111111

Final State: 1
0: 2 3
1: 3 1
2: 3 4
3: 3 3
4: 1 3
Unique String: 0101111111

Final State: 1
0: 2 3
1: 3 1
2: 4 3
3: 3 3
4: 1 3
Unique String: 0001111111

Final State: 1
0: 2 3
1: 4 0
2: 1 3
3: 3 3
4: 2 0
Unique String: 0001000100

Final State: 1
0: 2 3
1: 4 0
2: 2 2
3: 1 2
4: 0 2
Unique String: 1000100010

Final State: 1
0: 2 3
1: 4 0
2: 2 2
3: 1 2
4: 2 0
Unique String: 1001100110

Final State: 1
0: 2 3
1: 4 0
2: 2 2
3: 2 1
4: 0 2
Unique String: 1100110011

Final State: 1
0: 2 3
1: 4 0
2: 2 2
3: 2 1
4: 2 0
Unique String: 1101110111

Final State: 1
0: 2 3
1: 4 0
2: 3 1
3: 3 3
4: 0 2
Unique String: 0100010001

Final State: 1
0: 2 3
1: 4 4
2: 1 4
3: 0 2
4: 4 4
Unique String: 1010101000

Final State: 1
0: 2 3
1: 4 4
2: 3 0
3: 1 4
4: 4 4
Unique String: 0101010110

Final State: 1
0: 2 3
1: 4 4
2: 3 0
3: 4 1
4: 4 4
Unique String: 0101010111

Final State: 1
0: 2 3
1: 4 4
2: 4 1
3: 0 2
4: 4 4
Unique String: 1010101001

