Final State: 1
0: 0 2
1: 3 3
2: 1 3
3: 3 3
Unique String: 00000010

Final State: 1
0: 0 2
1: 3 3
2: 3 1
3: 3 3
Unique String: 00000011

Final State: 1
0: 1 2
1: 2 3
2: 3 1
3: 3 3
Unique String: 11010101

Final State: 1
0: 1 2
1: 3 3
2: 0 1
3: 3 3
Unique String: 10101011

Final State: 1
0: 1 2
1: 3 3
2: 2 1
3: 3 3
Unique String: 10000001

Final State: 1
0: 2 0
1: 3 3
2: 1 3
3: 3 3
Unique String: 11111100

Final State: 1
0: 2 0
1: 3 3
2: 3 1
3: 3 3
Unique String: 11111101

Final State: 1
0: 2 1
1: 3 2
2: 1 3
3: 3 3
Unique String: 00101010

Final State: 1
0: 2 1
1: 3 3
2: 1 0
3: 3 3
Unique String: 01010100

Final State: 1
0: 2 1
1: 3 3
2: 1 2
3: 3 3
Unique String: 01111110

Final State: 1
0: 2 3
1: 0 2
2: 2 2
3: 1 2
Unique String: 10010010

Final State: 1
0: 2 3
1: 0 2
2: 2 2
3: 2 1
Unique String: 11011011

Final State: 1
0: 2 3
1: 0 3
2: 3 1
3: 3 3
Unique String: 01001001

Final State: 1
0: 2 3
1: 1 2
2: 2 2
3: 2 1
Unique String: 11000000

Final State: 1
0: 2 3
1: 1 3
2: 3 1
3: 3 3
Unique String: 01000000

Final State: 1
0: 2 3
1: 2 0
2: 2 2
3: 1 2
Unique String: 10110110

Final State: 1
0: 2 3
1: 2 1
2: 2 2
3: 1 2
Unique String: 10111111

Final State: 1
0: 2 3
1: 3 0
2: 1 3
3: 3 3
Unique String: 00100100

Final State: 1
0: 2 3
1: 3 0
2: 3 1
3: 3 3
Unique String: 01101101

Final State: 1
0: 2 3
1: 3 1
2: 1 3
3: 3 3
Unique String: 00111111

