Final State: 0
0: 1 2
1: 1 1
2: 1 3
3: 0 1
Unique String: 110110110

Final State: 0
0: 1 2
1: 1 1
2: 3 1
3: 0 1
Unique String: 100100100

Final State: 0
0: 1 2
1: 1 1
2: 3 1
3: 1 0
Unique String: 101101101

Final State: 0
0: 1 2
1: 2 3
2: 2 2
3: 0 2
Unique String: 010010010

Final State: 0
0: 1 2
1: 2 3
2: 2 2
3: 2 0
Unique String: 011011011

Final State: 0
0: 1 2
1: 3 2
2: 2 2
3: 2 0
Unique String: 001001001

Final State: 1
0: 0 2
1: 3 3
2: 1 3
3: 3 3
Unique String: 000000010

Final State: 1
0: 0 2
1: 3 3
2: 3 1
3: 3 3
Unique String: 000000011

Final State: 1
0: 1 2
1: 2 3
2: 3 1
3: 3 3
Unique String: 001010101

Final State: 1
0: 1 2
1: 3 3
2: 0 1
3: 3 3
Unique String: 101010100

Final State: 1
0: 1 2
1: 3 3
2: 2 1
3: 3 3
Unique String: 100000001

Final State: 1
0: 2 0
1: 3 3
2: 1 3
3: 3 3
Unique String: 111111100

Final State: 1
0: 2 0
1: 3 3
2: 3 1
3: 3 3
Unique String: 111111101

Final State: 1
0: 2 1
1: 2 3
2: 2 2
3: 1 2
Unique String: 110101010

Final State: 1
0: 2 1
1: 3 3
2: 1 0
3: 3 3
Unique String: 010101011

Final State: 1
0: 2 1
1: 3 3
2: 1 2
3: 3 3
Unique String: 011111110

Final State: 1
0: 2 3
1: 1 2
2: 2 2
3: 2 1
Unique String: 110000000

Final State: 1
0: 2 3
1: 1 3
2: 3 1
3: 3 3
Unique String: 010000000

Final State: 1
0: 2 3
1: 2 1
2: 2 2
3: 1 2
Unique String: 101111111

Final State: 1
0: 2 3
1: 3 1
2: 1 3
3: 3 3
Unique String: 001111111

