Final State: 0
0: 1 2
1: 0 0
2: 0 3
3: 2 3
Unique String: 11100

Final State: 0
0: 1 2
1: 0 0
2: 0 3
3: 3 2
Unique String: 11010

Final State: 0
0: 1 2
1: 0 0
2: 3 0
3: 3 2
Unique String: 10011

Final State: 0
0: 1 2
1: 0 3
2: 0 0
3: 1 3
Unique String: 01100

Final State: 0
0: 1 2
1: 0 3
2: 2 3
3: 1 2
Unique String: 10100

Final State: 0
0: 1 2
1: 0 3
2: 2 3
3: 2 1
Unique String: 10110

Final State: 0
0: 1 2
1: 0 3
2: 3 2
3: 1 2
Unique String: 11000

Final State: 0
0: 1 2
1: 1 1
2: 1 3
3: 2 0
Unique String: 11011

Final State: 0
0: 1 2
1: 1 1
2: 1 3
3: 3 0
Unique String: 11001

Final State: 0
0: 1 2
1: 1 1
2: 2 3
3: 0 1
Unique String: 10010

Final State: 0
0: 1 2
1: 1 1
2: 3 1
3: 2 0
Unique String: 10001

Final State: 0
0: 1 2
1: 1 1
2: 3 2
3: 1 0
Unique String: 11101

Final State: 0
0: 1 2
1: 1 3
2: 0 3
3: 1 2
Unique String: 00110

Final State: 0
0: 1 2
1: 1 3
2: 0 3
3: 2 1
Unique String: 00100

Final State: 0
0: 1 2
1: 1 3
2: 2 2
3: 0 2
Unique String: 00010

Final State: 0
0: 1 2
1: 1 3
2: 2 2
3: 2 0
Unique String: 00011

Final State: 0
0: 1 2
1: 1 3
2: 3 0
3: 1 2
Unique String: 00111

Final State: 0
0: 1 2
1: 1 3
2: 3 0
3: 2 1
Unique String: 00101

Final State: 0
0: 1 2
1: 2 3
2: 2 2
3: 0 1
Unique String: 01110

Final State: 0
0: 1 2
1: 2 3
2: 2 2
3: 1 0
Unique String: 01011

Final State: 0
0: 1 2
1: 2 3
2: 2 2
3: 3 0
Unique String: 01001

Final State: 0
0: 1 2
1: 3 0
2: 2 3
3: 2 1
Unique String: 10111

Final State: 0
0: 1 2
1: 3 1
2: 0 3
3: 2 1
Unique String: 01000

Final State: 0
0: 1 2
1: 3 1
2: 2 2
3: 2 0
Unique String: 01101

