Final State: 1
0: 2 1
1: 2 3
2: 2 2
3: 4 2
4: 1 0
Unique String: 1100100

Final State: 1
0: 2 1
1: 2 3
2: 3 4
3: 3 3
4: 1 3
Unique String: 1010010

Final State: 1
0: 2 3
1: 0 4
2: 3 1
3: 3 3
4: 4 0
Unique String: 0110101

Final State: 1
0: 2 3
1: 1 2
2: 2 2
3: 4 2
4: 2 1
Unique String: 1010000

Final State: 1
0: 2 3
1: 1 3
2: 4 3
3: 3 3
4: 3 1
Unique String: 0010000

Final State: 1
0: 2 3
1: 2 1
2: 2 2
3: 2 4
4: 1 2
Unique String: 1101111

Final State: 1
0: 2 3
1: 2 4
2: 2 2
3: 4 1
4: 1 2
Unique String: 1001010

Final State: 1
0: 2 3
1: 2 4
2: 4 1
3: 1 2
4: 4 4
Unique String: 1110101

Final State: 1
0: 2 3
1: 2 4
2: 4 3
3: 3 3
4: 1 0
Unique String: 0001010

Final State: 1
0: 2 3
1: 3 1
2: 3 4
3: 3 3
4: 1 3
Unique String: 0101111

