Final State: 0
0: 1 2
1: 1 1
2: 1 3
3: 2 0
Unique String: 1101011

Final State: 0
0: 1 2
1: 1 1
2: 3 1
3: 0 2
Unique String: 1010100

Final State: 0
0: 1 2
1: 1 1
2: 3 1
3: 2 0
Unique String: 1000001

Final State: 0
0: 1 2
1: 2 3
2: 2 2
3: 0 1
Unique String: 0111110

Final State: 0
0: 1 2
1: 2 3
2: 2 2
3: 1 0
Unique String: 0101011

Final State: 0
0: 1 2
1: 3 2
2: 2 2
3: 0 1
Unique String: 0010100

Final State: 1
0: 0 2
1: 3 3
2: 1 3
3: 3 3
Unique String: 0000010

Final State: 1
0: 0 2
1: 3 3
2: 3 1
3: 3 3
Unique String: 0000011

Final State: 1
0: 1 2
1: 2 3
2: 2 2
3: 0 2
Unique String: 0100100

Final State: 1
0: 1 2
1: 2 3
2: 2 2
3: 2 0
Unique String: 0110110

Final State: 1
0: 1 2
1: 2 3
2: 3 1
3: 3 3
Unique String: 0010101

Final State: 1
0: 1 2
1: 3 2
2: 2 2
3: 2 0
Unique String: 0010010

Final State: 1
0: 2 0
1: 3 3
2: 1 3
3: 3 3
Unique String: 1111100

Final State: 1
0: 2 0
1: 3 3
2: 3 1
3: 3 3
Unique String: 1111101

Final State: 1
0: 2 1
1: 2 3
2: 2 2
3: 0 2
Unique String: 1101101

Final State: 1
0: 2 1
1: 2 3
2: 2 2
3: 1 2
Unique String: 1101010

Final State: 1
0: 2 1
1: 3 2
2: 2 2
3: 0 2
Unique String: 1001001

Final State: 1
0: 2 1
1: 3 2
2: 2 2
3: 2 0
Unique String: 1011011

Final State: 1
0: 2 3
1: 1 2
2: 2 2
3: 2 1
Unique String: 1100000

Final State: 1
0: 2 3
1: 1 3
2: 3 1
3: 3 3
Unique String: 0100000

Final State: 1
0: 2 3
1: 2 1
2: 2 2
3: 1 2
Unique String: 1011111

Final State: 1
0: 2 3
1: 3 1
2: 1 3
3: 3 3
Unique String: 0011111

